---
title: 汇编语言一发入魂 0x07 - 过程调用
shortTitle: 过程调用
date: 2020-03-19T14:46:48+08:00
tag:
  - 过程调用
category:
  - 汇编语言
---

前两篇文章中我们学习了如何控制屏幕光标，如何从硬盘读取数据。这种常用的功能我们希望将它封装成过程调用，类似于高级语言中的函数，这样当我们控制光标或者从硬盘读取数据时就不需要每次都写大段的重复代码了。

在`CPU`中，执行的指令通过`cs:ip`来确定。过程调用实际上就是通过`call`或`lcall`指令来修改`ip`或`cs:ip`来达到跳转到另一段指令中执行的目的。

`call`指令通过修改`ip`来实现过程调用，因为只修改`ip`，所以被调例程与原例程在同一个代码段内，也称为近调用。处理器在执行`call`指令时先将`call`后面的第一条指令的偏移地址压栈，再通过操作数计算出新的`ip`替换当前`ip`。

`lcall`指令通过修改`cs:ip`来实现过程调用，因为同时修改`cs`和`ip`，所以被调例程与原例程不在同一个代码段内，也称为远调用。处理器在执行`lcall`指令时先将`cs、ip`依次压栈，再用指令中给出的段地址代替`cs`原有的内容，用指令中给出的偏移地址代替`ip`原有的内容。

从子例程返回到原例程使用`ret`或`lret`指令。`ret`指令用栈中的数据修改`ip`的内容，实现近转移；`lret`用栈中的数据修改`cs:ip`，实现远转移。`CPU`执行`ret`指令时相当于执行`pop ip`，执行`lret`指令时相当于执行`pop ip`、`pop cs`。

下面我们通过一些简单的例子来学习一下如何使用这些指令。

## 示例一

### 代码

```asm
.code16

movw $0x7c00, %sp

callw put_char_A

jmp .

put_char_A:
  movw $0xb800, %ax
  movw %ax, %es
  movw $'A' | 0x0a00, %es:0
  retw

.org 510
.word 0xAA55
```

### 解释

第`3`行设置堆栈栈顶指针。因为`call`指令和`ret`指令的执行依赖于堆栈。

第`5`行调用了我们在第`9`行定义的子例程。

第`13`行使用`ret`指令跳回原来的执行流程。

### 编译、反编译

```bash
$ as --32 boota.s -o boota.o
$ objcopy -O binary -j .text boota.o boota.bin
$ objdump -D -b binary -m i386 -Mi8086,suffix boota.bin

boota.bin：     文件格式 binary


Disassembly of section .data:

00000000 <.data>:
   0:   bc 00 7c                movw   $0x7c00,%sp
   3:   e8 02 00                callw  0x8
   6:   eb fe                   jmp    0x6
   8:   b8 00 b8                movw   $0xb800,%ax
   b:   8e c0                   movw   %ax,%es
   d:   26 c7 06 00 00 41 0a    movw   $0xa41,%es:0x0
  14:   c3                      retw
        ...
 1fd:   00 55 aa                addb   %dl,-0x56(%di)
```

第`12`行编译后的指令是`e8 02 00`，其中`e8`是操作码，`02 00`是操作数，转换成正常顺序即`00 02`。编译器在计算这个操作数的时候先使用标号的汇编地址`（该例中为8）`减去本指令的汇编地址`（该例中为3）`，再减去`3`，作为机器指令的操作数。即`8 - 3 - 3 = 2`。同样，指令在执行时，`CPU`先用`ip`当前的值加上指令中的操作数，再加上`3`，得到偏移地址。然后将`call`指令之后的第一条指令的地址压入栈中，再使用刚才计算得到的`ip`替换当前`ip`，从而完成跳转。因为此时栈中压入的是`call`后的第一条指令的偏移地址，所以当子例程通过`ret`返回时，会使用这个地址替换`ip`。从而使调用例程继续执行后续指令。

### 调试

启动虚拟机：

```bash
$ qemu-system-i386 boota.bin -S -s
```

在另一个终端启动`gdb`（配合[.gdbinit](https://github.com/kviccn/asm-boooom/blob/master/gdb/.gdbinit)）：

```bash
$ gdb -q
Breakpoint 1, 0x00007c00 in ?? ()
1: x/i $cs*16+$pc
=> 0x7c00:      mov    $0x7c00,%sp
(gdb)
```

向后执行一条指令：

```bash
(gdb) si
0x00007c03 in ?? ()
1: x/i $cs*16+$pc
=> 0x7c03:      call   0x7c08
(gdb)
```

可以看到这里计算出来的地址是`0x7c08`，当前指令的地址`0x7c03`，加操作数`2`，再加`3`，得到`0x7c08`。继续执行并查看寄存器内容：

```bash
(gdb) si
0x00007c08 in ?? ()
1: x/i $cs*16+$pc
=> 0x7c08:      mov    $0xb800,%ax
(gdb) info registers
eax            0xaa55   43605
ecx            0x0      0
edx            0x80     128
ebx            0x0      0
esp            0x7bfe   0x7bfe
ebp            0x0      0x0
esi            0x0      0
edi            0x0      0
eip            0x7c08   0x7c08
eflags         0x202    [ IF ]
cs             0x0      0
ss             0x0      0
ds             0x0      0
es             0x0      0
fs             0x0      0
gs             0x0      0
```

此时`ip`的内容为`0x7c08`，`sp`的内容为`0x7bfe`。`sp`初始时我们设置成了`0x7c00`，在执行`call`指令时处理器会将`call`后面一条指令的偏移地址压栈，所以`sp`的值变成了`0x7bfe`。我们来查看一下栈中的内容：

```bash
(gdb) x/1xh 0x7bfe
0x7bfe: 0x7c06
(gdb)
```

`0x7c06`正好是后面`jmp`指令的偏移地址。稍后`ret`指令执行时会将这个偏移地址从栈中弹出到`ip`，来跳回到原来的执行流程。

向后执行`3`条指令：

```bash
(gdb) si 3
0x00007c14 in ?? ()
1: x/i $cs*16+$pc
=> 0x7c14:      ret
(gdb)
```

此时屏幕左上角会打印出字符`'A'`，常规操作就不贴图了。观察上面的输出，下一条要执行的便是`ret`指令，查看一下此时的寄存器内容：

```bash
(gdb) info registers
eax            0xb800   47104
ecx            0x0      0
edx            0x80     128
ebx            0x0      0
esp            0x7bfe   0x7bfe
ebp            0x0      0x0
esi            0x0      0
edi            0x0      0
eip            0x7c14   0x7c14
eflags         0x202    [ IF ]
cs             0x0      0
ss             0x0      0
ds             0x0      0
es             0xb800   47104
fs             0x0      0
gs             0x0      0
```

`ip`是`0x7c14`，要跳转到的偏移地址还保存在`0x7bfe`处。执行`ret`指令，观察结果：

```bash
(gdb) si
0x00007c06 in ?? ()
1: x/i $cs*16+$pc
=> 0x7c06:      jmp    0x7c06
(gdb) info registers
eax            0xb800   47104
ecx            0x0      0
edx            0x80     128
ebx            0x0      0
esp            0x7c00   0x7c00
ebp            0x0      0x0
esi            0x0      0
edi            0x0      0
eip            0x7c06   0x7c06
eflags         0x202    [ IF ]
cs             0x0      0
ss             0x0      0
ds             0x0      0
es             0xb800   47104
fs             0x0      0
gs             0x0      0
```

看到了吗？`ip`的值已经是`0x7c06`了，下一条要执行的指令也如我们所愿是`jmp`了。

`call`指令的操作数还可以在寄存器或内存中，例如`callw *%cx`或`callw *procedure_address`。需要注意的是正如你看到的，寄存器或内存地址前需要加一个`*`，就好像指针一样。具体的代码戳[这里](https://github.com/kviccn/asm-boooom/blob/master/0x07/bootb.s)。

下面来看一个`lcall`的例子。

## 示例二

### 代码

```asm
.code16

movw $0x7c00, %sp

lcallw $0x07d0, $0

jmp .

.org 0x100
put_char_A:
  movw $0xb800, %ax
  movw %ax, %es
  movw $'A' | 0x0a00, %es:0
  lretw

.org 510
.word 0xAA55
```

### 解释

第`5`行`lcall`指令的格式为`lcall $section, $offset`。`0x07d0`是远调用的代码段地址，`0`是段内偏移。

第`9`行使用伪指令`.org`将位置计数器移动到了`0x100`处。因为主引导记录是被加载到`0x7c00`处的，所以标号`put_char_A`在程序执行时的实际物理地址是`0x7c00 + 0x100 = 0x7d00`，对应段地址`0x07d0`，段内偏移`0`。

第`14`行使用`lret`指令将栈中保存的段内偏移和段地址依次弹出到`ip、cs`，恢复原来的执行流程。

### 调试

启动虚拟机：

```bash
$ qemu-system-i386 bootla.bin -S -s
```

启动`gdb`:

```bash
$ gdb -q
Breakpoint 1, 0x00007c00 in ?? ()
1: x/i $cs*16+$pc
=> 0x7c00:      mov    $0x7c00,%sp
(gdb)
```

向后执行两条指令，此时已经进入到了子例程，查看寄存器状态：

```bash
(gdb) si 2
0x00000000 in ?? ()
1: x/i $cs*16+$pc
   0x7d00:      mov    $0xb800,%ax
(gdb) info registers
eax            0xaa55   43605
ecx            0x0      0
edx            0x80     128
ebx            0x0      0
esp            0x7bfc   0x7bfc
ebp            0x0      0x0
esi            0x0      0
edi            0x0      0
eip            0x0      0x0
eflags         0x202    [ IF ]
cs             0x7d0    2000
ss             0x0      0
ds             0x0      0
es             0x0      0
fs             0x0      0
gs             0x0      0
```

此时已经跳转到了段`0x7d0`，段内偏移`0x0`处了。`sp`也因为`cs:ip`压入栈中变成了`0x7bfc`，查看栈中的内容：

```bash
(gdb) x/2xh 0x7bfc
0x7bfc: 0x7c08  0x0000
(gdb)
```

低地址处是`ip 0x7c08`，高地址处是`cs 0x0000`。向后执行`4`条指令并查看寄存器内容：

```bash
(gdb) si 4
0x00007c08 in ?? ()
1: x/i $cs*16+$pc
=> 0x7c08:      jmp    0x7c08
(gdb) info registers
eax            0xb800   47104
ecx            0x0      0
edx            0x80     128
ebx            0x0      0
esp            0x7c00   0x7c00
ebp            0x0      0x0
esi            0x0      0
edi            0x0      0
eip            0x7c08   0x7c08
eflags         0x202    [ IF ]
cs             0x0      0
ss             0x0      0
ds             0x0      0
es             0xb800   47104
fs             0x0      0
gs             0x0      0
```

可以看到在`lret`指令执行后，`cs`恢复成了`0x0`，`ip`恢复成了`0x7c08`。`sp`因为`ip`和`cs`的出栈恢复了初始值`0x7c00`。

`lcall`的操作数也可以在内存中，例如`lcallw *procedure_address`。具体的代码戳[这里](https://github.com/kviccn/asm-boooom/blob/master/0x07/bootlb.s)
